{
  "receivedAt": "2025-10-31T17:19:39.343Z",
  "headers": {
    "host": "2756301ade7d.ngrok-free.app",
    "user-agent": "facebookexternalua",
    "content-length": "584",
    "accept": "*/*",
    "accept-encoding": "deflate, gzip",
    "content-type": "application/json",
    "x-forwarded-for": "2a03:2880:10ff:2::",
    "x-forwarded-host": "2756301ade7d.ngrok-free.app",
    "x-forwarded-proto": "https",
    "x-hub-signature": "sha1=b36156b2c73c0a203d80e47c0153add167d40edb",
    "x-hub-signature-256": "sha256=b5160bc026a020b1a8209e15a22087ed405ed423c5f76da4a070f3bf467a0211",
    "x-forwarded-port": "3000"
  },
  "body": {
    "object": "whatsapp_business_account",
    "entry": [
      {
        "id": "2813502615517167",
        "changes": [
          {
            "value": {
              "messaging_product": "whatsapp",
              "metadata": {
                "display_phone_number": "56975298529",
                "phone_number_id": "860006433861553"
              },
              "statuses": [
                {
                  "id": "wamid.HBgLNTY5NTE4Njk0MDIVAgARGBJCNDcxRDJCNkZEMkYzNjQ2QjAA",
                  "status": "failed",
                  "timestamp": "1761931178",
                  "recipient_id": "56951869402",
                  "errors": [
                    {
                      "code": 131053,
                      "title": "Media upload error",
                      "message": "Media upload error",
                      "error_data": {
                        "details": "Downloading media from weblink failed with http code 403, status message Forbidden"
                      }
                    }
                  ]
                }
              ]
            },
            "field": "messages"
          }
        ]
      }
    ]
  }
}
---
